2015-02-27 23:30:10.502+0000 WARN  [o.n.k.EmbeddedGraphDatabase]: You are using an unsupported version of the Java runtime. Please use Oracle(R) Java(TM) Runtime Environment 7 or OpenJDK(TM) 7.
2015-02-27 23:30:10.576+0000 INFO  [o.n.k.InternalAbstractGraphDatabase]: No locking implementation specified, defaulting to 'forseti'
2015-02-27 23:30:10.760+0000 INFO  [o.n.k.i.DiagnosticsManager]: --- INITIALIZED diagnostics START ---
2015-02-27 23:30:10.765+0000 INFO  [o.n.k.i.DiagnosticsManager]: Neo4j Kernel properties:
2015-02-27 23:30:10.767+0000 INFO  [o.n.k.i.DiagnosticsManager]: neostore.propertystore.db.strings.mapped_memory=23M
2015-02-27 23:30:10.767+0000 INFO  [o.n.k.i.DiagnosticsManager]: ephemeral=false
2015-02-27 23:30:10.767+0000 INFO  [o.n.k.i.DiagnosticsManager]: neostore.nodestore.db.mapped_memory=7M
2015-02-27 23:30:10.767+0000 INFO  [o.n.k.i.DiagnosticsManager]: store_dir=db/movieLens
2015-02-27 23:30:10.767+0000 INFO  [o.n.k.i.DiagnosticsManager]: neostore.propertystore.db.arrays.mapped_memory=27M
2015-02-27 23:30:10.767+0000 INFO  [o.n.k.i.DiagnosticsManager]: neostore.propertystore.db.mapped_memory=27M
2015-02-27 23:30:10.768+0000 INFO  [o.n.k.i.DiagnosticsManager]: neostore.relationshipstore.db.mapped_memory=34M
2015-02-27 23:30:10.772+0000 INFO  [o.n.k.i.DiagnosticsManager]: Diagnostics providers:
2015-02-27 23:30:10.772+0000 INFO  [o.n.k.i.DiagnosticsManager]: org.neo4j.kernel.configuration.Config
2015-02-27 23:30:10.772+0000 INFO  [o.n.k.i.DiagnosticsManager]: org.neo4j.kernel.info.DiagnosticsManager
2015-02-27 23:30:10.772+0000 INFO  [o.n.k.i.DiagnosticsManager]: SYSTEM_MEMORY
2015-02-27 23:30:10.772+0000 INFO  [o.n.k.i.DiagnosticsManager]: JAVA_MEMORY
2015-02-27 23:30:10.772+0000 INFO  [o.n.k.i.DiagnosticsManager]: OPERATING_SYSTEM
2015-02-27 23:30:10.772+0000 INFO  [o.n.k.i.DiagnosticsManager]: JAVA_VIRTUAL_MACHINE
2015-02-27 23:30:10.772+0000 INFO  [o.n.k.i.DiagnosticsManager]: CLASSPATH
2015-02-27 23:30:10.773+0000 INFO  [o.n.k.i.DiagnosticsManager]: LIBRARY_PATH
2015-02-27 23:30:10.773+0000 INFO  [o.n.k.i.DiagnosticsManager]: SYSTEM_PROPERTIES
2015-02-27 23:30:10.773+0000 INFO  [o.n.k.i.DiagnosticsManager]: NETWORK
2015-02-27 23:30:10.773+0000 INFO  [o.n.k.i.DiagnosticsManager]: NodeCache
2015-02-27 23:30:10.773+0000 INFO  [o.n.k.i.DiagnosticsManager]: RelationshipCache
2015-02-27 23:30:10.774+0000 INFO  [o.n.k.i.DiagnosticsManager]: System memory information:
2015-02-27 23:30:10.779+0000 INFO  [o.n.k.i.DiagnosticsManager]: Total Physical memory: 7.87 GB
2015-02-27 23:30:10.779+0000 INFO  [o.n.k.i.DiagnosticsManager]: Free Physical memory: 4.07 GB
2015-02-27 23:30:10.780+0000 INFO  [o.n.k.i.DiagnosticsManager]: Committed virtual memory: 383.55 MB
2015-02-27 23:30:10.780+0000 INFO  [o.n.k.i.DiagnosticsManager]: Total swap space: 15.87 GB
2015-02-27 23:30:10.780+0000 INFO  [o.n.k.i.DiagnosticsManager]: Free swap space: 11.28 GB
2015-02-27 23:30:10.782+0000 INFO  [o.n.k.i.DiagnosticsManager]: JVM memory information:
2015-02-27 23:30:10.782+0000 INFO  [o.n.k.i.DiagnosticsManager]: Free  memory: 42.56 MB
2015-02-27 23:30:10.782+0000 INFO  [o.n.k.i.DiagnosticsManager]: Total memory: 145.50 MB
2015-02-27 23:30:10.782+0000 INFO  [o.n.k.i.DiagnosticsManager]: Max   memory: 455.50 MB
2015-02-27 23:30:10.783+0000 INFO  [o.n.k.i.DiagnosticsManager]: Garbage Collector: PS Scavenge: [PS Eden Space, PS Survivor Space]
2015-02-27 23:30:10.783+0000 INFO  [o.n.k.i.DiagnosticsManager]: Garbage Collector: PS MarkSweep: [PS Eden Space, PS Survivor Space, PS Old Gen]
2015-02-27 23:30:10.784+0000 INFO  [o.n.k.i.DiagnosticsManager]: Memory Pool: Code Cache (Non-heap memory): committed=38.31 MB, used=36.74 MB, max=240.00 MB, threshold=0.00 B
2015-02-27 23:30:10.784+0000 INFO  [o.n.k.i.DiagnosticsManager]: Memory Pool: Metaspace (Non-heap memory): committed=65.88 MB, used=65.36 MB, max=-1.00 B, threshold=0.00 B
2015-02-27 23:30:10.785+0000 INFO  [o.n.k.i.DiagnosticsManager]: Memory Pool: Compressed Class Space (Non-heap memory): committed=12.13 MB, used=11.93 MB, max=1.00 GB, threshold=0.00 B
2015-02-27 23:30:10.785+0000 INFO  [o.n.k.i.DiagnosticsManager]: Memory Pool: PS Eden Space (Heap memory): committed=87.00 MB, used=70.26 MB, max=146.50 MB, threshold=?
2015-02-27 23:30:10.786+0000 INFO  [o.n.k.i.DiagnosticsManager]: Memory Pool: PS Survivor Space (Heap memory): committed=8.50 MB, used=0.00 B, max=8.50 MB, threshold=?
2015-02-27 23:30:10.786+0000 INFO  [o.n.k.i.DiagnosticsManager]: Memory Pool: PS Old Gen (Heap memory): committed=50.00 MB, used=32.69 MB, max=341.50 MB, threshold=0.00 B
2015-02-27 23:30:10.786+0000 INFO  [o.n.k.i.DiagnosticsManager]: Operating system information:
2015-02-27 23:30:10.787+0000 INFO  [o.n.k.i.DiagnosticsManager]: Operating System: Windows 8.1; version: 6.3; arch: amd64; cpus: 4
2015-02-27 23:30:10.787+0000 INFO  [o.n.k.i.DiagnosticsManager]: Process id: 8292@valladolid
2015-02-27 23:30:10.788+0000 INFO  [o.n.k.i.DiagnosticsManager]: Byte order: LITTLE_ENDIAN
2015-02-27 23:30:10.788+0000 INFO  [o.n.k.i.DiagnosticsManager]: Local timezone: Europe/London
2015-02-27 23:30:10.788+0000 INFO  [o.n.k.i.DiagnosticsManager]: JVM information:
2015-02-27 23:30:10.788+0000 INFO  [o.n.k.i.DiagnosticsManager]: VM Name: Java HotSpot(TM) 64-Bit Server VM
2015-02-27 23:30:10.788+0000 INFO  [o.n.k.i.DiagnosticsManager]: VM Vendor: Oracle Corporation
2015-02-27 23:30:10.788+0000 INFO  [o.n.k.i.DiagnosticsManager]: VM Version: 25.11-b03
2015-02-27 23:30:10.788+0000 INFO  [o.n.k.i.DiagnosticsManager]: JIT compiler: HotSpot 64-Bit Tiered Compilers
2015-02-27 23:30:10.788+0000 INFO  [o.n.k.i.DiagnosticsManager]: VM Arguments: [-Dsbt.log.noformat=true, -Djline.terminal=jline.UnsupportedTerminal, -Xmx512M, -XX:MaxPermSize=256M]
2015-02-27 23:30:10.789+0000 INFO  [o.n.k.i.DiagnosticsManager]: Java classpath:
2015-02-27 23:30:10.817+0000 INFO  [o.n.k.i.DiagnosticsManager]:  [loader.0] file:/C:/Users/vaquerog/.ivy2/cache/org.neo4j/neo4j-graph-matching/jars/neo4j-graph-matching-2.1.5.jar
2015-02-27 23:30:10.817+0000 INFO  [o.n.k.i.DiagnosticsManager]:  [loader.0] file:/C:/Users/vaquerog/.ivy2/cache/org.neo4j/neo4j-graph-algo/jars/neo4j-graph-algo-2.1.5.jar
2015-02-27 23:30:10.818+0000 INFO  [o.n.k.i.DiagnosticsManager]:  [loader.0] file:/C:/Users/vaquerog/.ivy2/cache/com.jcabi/jcabi-manifests/jars/jcabi-manifests-1.0.jar
2015-02-27 23:30:10.818+0000 INFO  [o.n.k.i.DiagnosticsManager]:  [loader.0] file:/C:/Users/vaquerog/.ivy2/cache/commons-configuration/commons-configuration/jars/commons-configuration-1.10.jar
2015-02-27 23:30:10.818+0000 INFO  [o.n.k.i.DiagnosticsManager]:  [loader.0] file:/C:/Users/vaquerog/.ivy2/cache/org.scalatest/scalatest_2.10/bundles/scalatest_2.10-2.2.1.jar
2015-02-27 23:30:10.818+0000 INFO  [o.n.k.i.DiagnosticsManager]:  [loader.4] file:/C:/Program%20Files/Java/jdk1.8.0_11/jre/lib/ext/sunpkcs11.jar
2015-02-27 23:30:10.818+0000 INFO  [o.n.k.i.DiagnosticsManager]:  [bootstrap] C:\Program Files\Java\jdk1.8.0_11\jre\lib\resources.jar
2015-02-27 23:30:10.818+0000 INFO  [o.n.k.i.DiagnosticsManager]:  [loader.0] file:/C:/Users/vaquerog/.ivy2/cache/org.apache.ivy/ivy/jars/ivy-2.3.0.jar
2015-02-27 23:30:10.818+0000 INFO  [o.n.k.i.DiagnosticsManager]:  [loader.0] file:/C:/Users/vaquerog/.ivy2/cache/com.fasterxml.jackson.core/jackson-databind/bundles/jackson-databind-2.3.0.jar
2015-02-27 23:30:10.818+0000 INFO  [o.n.k.i.DiagnosticsManager]:  [loader.4] file:/C:/Program%20Files/Java/jdk1.8.0_11/jre/lib/ext/cldrdata.jar
2015-02-27 23:30:10.818+0000 INFO  [o.n.k.i.DiagnosticsManager]:  [loader.0] file:/C:/Users/vaquerog/.ivy2/cache/org.kohsuke/groovy-sandbox/jars/groovy-sandbox-1.6.jar
2015-02-27 23:30:10.818+0000 INFO  [o.n.k.i.DiagnosticsManager]:  [loader.0] file:/C:/Users/vaquerog/.ivy2/cache/org.neo4j/neo4j-ha/jars/neo4j-ha-2.1.5.jar
2015-02-27 23:30:10.818+0000 INFO  [o.n.k.i.DiagnosticsManager]:  [loader.0] file:/C:/Users/vaquerog/.ivy2/cache/com.chuusai/shapeless_2.10.4/bundles/shapeless_2.10.4-2.0.0.jar
2015-02-27 23:30:10.818+0000 INFO  [o.n.k.i.DiagnosticsManager]:  [loader.0] file:/C:/Users/vaquerog/.ivy2/cache/org.neo4j/neo4j-cypher-compiler-2.0/jars/neo4j-cypher-compiler-2.0-2.0.3.jar
2015-02-27 23:30:10.818+0000 INFO  [o.n.k.i.DiagnosticsManager]:  [loader.0] file:/C:/Users/vaquerog/.ivy2/cache/org.apache.lucene/lucene-core/jars/lucene-core-3.6.2.jar
2015-02-27 23:30:10.818+0000 INFO  [o.n.k.i.DiagnosticsManager]:  [loader.0] file:/C:/Users/vaquerog/.ivy2/cache/commons-io/commons-io/jars/commons-io-2.4.jar
2015-02-27 23:30:10.818+0000 INFO  [o.n.k.i.DiagnosticsManager]:  [loader.0] file:/C:/Users/vaquerog/.ivy2/cache/org.slf4j/slf4j-api/jars/slf4j-api-1.7.7.jar
2015-02-27 23:30:10.818+0000 INFO  [o.n.k.i.DiagnosticsManager]:  [bootstrap] C:\Program Files\Java\jdk1.8.0_11\jre\lib\jce.jar
2015-02-27 23:30:10.819+0000 INFO  [o.n.k.i.DiagnosticsManager]:  [loader.0] file:/C:/Users/vaquerog/.sbt/boot/scala-2.10.4/lib/scala-library.jar
2015-02-27 23:30:10.819+0000 INFO  [o.n.k.i.DiagnosticsManager]:  [loader.0] file:/C:/Users/vaquerog/.ivy2/cache/org.parboiled/parboiled-core/bundles/parboiled-core-1.1.6.jar
2015-02-27 23:30:10.819+0000 INFO  [o.n.k.i.DiagnosticsManager]:  [loader.4] file:/C:/Program%20Files/Java/jdk1.8.0_11/jre/lib/ext/dnsns.jar
2015-02-27 23:30:10.819+0000 INFO  [o.n.k.i.DiagnosticsManager]:  [loader.0] file:/C:/Users/vaquerog/.ivy2/cache/org.yaml/snakeyaml/bundles/snakeyaml-1.13.jar
2015-02-27 23:30:10.819+0000 INFO  [o.n.k.i.DiagnosticsManager]:  [loader.0] file:/C:/Users/vaquerog/.ivy2/cache/com.esotericsoftware.kryo/kryo/bundles/kryo-2.24.0.jar
2015-02-27 23:30:10.819+0000 INFO  [o.n.k.i.DiagnosticsManager]:  [bootstrap] C:\Program Files\Java\jdk1.8.0_11\jre\lib\jfr.jar
2015-02-27 23:30:10.819+0000 INFO  [o.n.k.i.DiagnosticsManager]:  [loader.4] file:/C:/Program%20Files/Java/jdk1.8.0_11/jre/lib/ext/localedata.jar
2015-02-27 23:30:10.819+0000 INFO  [o.n.k.i.DiagnosticsManager]:  [loader.0] file:/C:/Users/vaquerog/.ivy2/cache/org.javatuples/javatuples/jars/javatuples-1.2.jar
2015-02-27 23:30:10.819+0000 INFO  [o.n.k.i.DiagnosticsManager]:  [loader.0] file:/C:/Users/vaquerog/.ivy2/cache/org.neo4j/neo4j-udc/jars/neo4j-udc-2.1.5.jar
2015-02-27 23:30:10.819+0000 INFO  [o.n.k.i.DiagnosticsManager]:  [bootstrap] C:\Program Files\Java\jdk1.8.0_11\jre\lib\charsets.jar
2015-02-27 23:30:10.819+0000 INFO  [o.n.k.i.DiagnosticsManager]:  [loader.0] file:/C:/Users/vaquerog/.ivy2/cache/org.neo4j/neo4j-com/jars/neo4j-com-2.1.5.jar
2015-02-27 23:30:10.819+0000 INFO  [o.n.k.i.DiagnosticsManager]:  [loader.0] file:/C:/Users/vaquerog/.ivy2/cache/org.neo4j/neo4j-consistency-check/jars/neo4j-consistency-check-2.1.5.jar
2015-02-27 23:30:10.819+0000 INFO  [o.n.k.i.DiagnosticsManager]:  [loader.0] file:/C:/Users/vaquerog/.ivy2/cache/javax.mail/mail/jars/mail-1.4.jar
2015-02-27 23:30:10.819+0000 INFO  [o.n.k.i.DiagnosticsManager]:  [loader.0] file:/C:/Users/vaquerog/.ivy2/cache/org.neo4j/neo4j-cluster/jars/neo4j-cluster-2.1.5.jar
2015-02-27 23:30:10.819+0000 INFO  [o.n.k.i.DiagnosticsManager]:  [loader.0] file:/C:/Users/vaquerog/.ivy2/cache/com.carrotsearch/hppc/jars/hppc-0.6.0.jar
2015-02-27 23:30:10.819+0000 INFO  [o.n.k.i.DiagnosticsManager]:  [loader.0] file:/C:/Users/vaquerog/.ivy2/cache/ch.qos.logback/logback-classic/jars/logback-classic-1.1.2.jar
2015-02-27 23:30:10.819+0000 INFO  [o.n.k.i.DiagnosticsManager]:  [loader.0] file:/C:/Users/vaquerog/.ivy2/cache/com.tinkerpop/gremlin-groovy/jars/gremlin-groovy-3.0.0.M6.jar
2015-02-27 23:30:10.819+0000 INFO  [o.n.k.i.DiagnosticsManager]:  [loader.0] file:/C:/Users/vaquerog/.ivy2/cache/org.slf4j/jcl-over-slf4j/jars/jcl-over-slf4j-1.7.7.jar
2015-02-27 23:30:10.819+0000 INFO  [o.n.k.i.DiagnosticsManager]:  [loader.0] file:/C:/Users/vaquerog/.ivy2/cache/com.tinkerpop/tinkergraph-gremlin/jars/tinkergraph-gremlin-3.0.0.M6.jar
2015-02-27 23:30:10.819+0000 INFO  [o.n.k.i.DiagnosticsManager]:  [loader.0] file:/C:/Users/vaquerog/.ivy2/cache/com.tinkerpop/gremlin-algorithm/jars/gremlin-algorithm-3.0.0.M6.jar
2015-02-27 23:30:10.819+0000 INFO  [o.n.k.i.DiagnosticsManager]:  [loader.0] file:/C:/Users/vaquerog/.ivy2/cache/org.apache.geronimo.specs/geronimo-jta_1.1_spec/jars/geronimo-jta_1.1_spec-1.1.1.jar
2015-02-27 23:30:10.819+0000 INFO  [o.n.k.i.DiagnosticsManager]:  [loader.0] file:/C:/Users/vaquerog/.ivy2/cache/org.neo4j/neo4j-lucene-index/jars/neo4j-lucene-index-2.1.5.jar
2015-02-27 23:30:10.819+0000 INFO  [o.n.k.i.DiagnosticsManager]:  [loader.0] file:/C:/Users/vaquerog/.ivy2/cache/org.apache.commons/commons-lang3/jars/commons-lang3-3.3.1.jar
2015-02-27 23:30:10.819+0000 INFO  [o.n.k.i.DiagnosticsManager]:  [classpath + loader.3] file:/C:/Users/vaquerog/.IdeaIC14/system/sbt/sbt-launch.jar
2015-02-27 23:30:10.820+0000 INFO  [o.n.k.i.DiagnosticsManager]:  [loader.0] file:/C:/Users/vaquerog/.ivy2/cache/com.googlecode.concurrentlinkedhashmap/concurrentlinkedhashmap-lru/jars/concurrentlinkedhashmap-lru-1.3.1.jar
2015-02-27 23:30:10.820+0000 INFO  [o.n.k.i.DiagnosticsManager]:  [loader.0] file:/C:/Users/vaquerog/.ivy2/cache/org.neo4j/neo4j-cypher/jars/neo4j-cypher-2.1.5.jar
2015-02-27 23:30:10.820+0000 INFO  [o.n.k.i.DiagnosticsManager]:  [bootstrap] C:\Program Files\Java\jdk1.8.0_11\jre\lib\sunrsasign.jar
2015-02-27 23:30:10.820+0000 INFO  [o.n.k.i.DiagnosticsManager]:  [bootstrap] C:\Program Files\Java\jdk1.8.0_11\jre\lib\rt.jar
2015-02-27 23:30:10.824+0000 INFO  [o.n.k.i.DiagnosticsManager]:  [loader.0] file:/C:/Users/vaquerog/.ivy2/cache/org.neo4j/neo4j-jmx/jars/neo4j-jmx-2.1.5.jar
2015-02-27 23:30:10.824+0000 INFO  [o.n.k.i.DiagnosticsManager]:  [loader.0] file:/C:/Users/vaquerog/.ivy2/cache/org.objenesis/objenesis/jars/objenesis-2.1.jar
2015-02-27 23:30:10.824+0000 INFO  [o.n.k.i.DiagnosticsManager]:  [loader.0] file:/C:/Users/vaquerog/.ivy2/cache/javax.activation/activation/jars/activation-1.1.jar
2015-02-27 23:30:10.824+0000 INFO  [o.n.k.i.DiagnosticsManager]:  [loader.0] file:/C:/Users/vaquerog/.ivy2/cache/joda-time/joda-time/jars/joda-time-2.4.jar
2015-02-27 23:30:10.824+0000 INFO  [o.n.k.i.DiagnosticsManager]:  [loader.0] file:/C:/Users/vaquerog/IdeaProjects/graphitti/lib/vertica-jdbc-7.1.1-0.jar
2015-02-27 23:30:10.825+0000 INFO  [o.n.k.i.DiagnosticsManager]:  [loader.0] file:/C:/Users/vaquerog/IdeaProjects/graphitti/target/scala-2.10/test-classes/
2015-02-27 23:30:10.825+0000 INFO  [o.n.k.i.DiagnosticsManager]:  [loader.0] file:/C:/Users/vaquerog/.ivy2/cache/com.fasterxml.jackson.core/jackson-annotations/bundles/jackson-annotations-2.3.0.jar
2015-02-27 23:30:10.825+0000 INFO  [o.n.k.i.DiagnosticsManager]:  [loader.4] file:/C:/Program%20Files/Java/jdk1.8.0_11/jre/lib/ext/jfxrt.jar
2015-02-27 23:30:10.825+0000 INFO  [o.n.k.i.DiagnosticsManager]:  [loader.4] file:/C:/Program%20Files/Java/jdk1.8.0_11/jre/lib/ext/zipfs.jar
2015-02-27 23:30:10.825+0000 INFO  [o.n.k.i.DiagnosticsManager]:  [loader.4] file:/C:/Program%20Files/Java/jdk1.8.0_11/jre/lib/ext/access-bridge-64.jar
2015-02-27 23:30:10.825+0000 INFO  [o.n.k.i.DiagnosticsManager]:  [bootstrap] C:\Program Files\Java\jdk1.8.0_11\jre\classes
2015-02-27 23:30:10.825+0000 INFO  [o.n.k.i.DiagnosticsManager]:  [loader.4] file:/C:/Program%20Files/Java/jdk1.8.0_11/jre/lib/ext/jaccess.jar
2015-02-27 23:30:10.825+0000 INFO  [o.n.k.i.DiagnosticsManager]:  [loader.0] file:/C:/Users/vaquerog/.ivy2/cache/com.tinkerpop/gremlin-core/jars/gremlin-core-3.0.0.M6.jar
2015-02-27 23:30:10.825+0000 INFO  [o.n.k.i.DiagnosticsManager]:  [loader.0] file:/C:/Users/vaquerog/.ivy2/cache/org.codehaus.groovy/groovy-all/jars/groovy-all-2.3.7-indy.jar
2015-02-27 23:30:10.825+0000 INFO  [o.n.k.i.DiagnosticsManager]:  [loader.0] file:/C:/Users/vaquerog/.ivy2/cache/jline/jline/jars/jline-2.11.jar
2015-02-27 23:30:10.825+0000 INFO  [o.n.k.i.DiagnosticsManager]:  [loader.4] file:/C:/Program%20Files/Java/jdk1.8.0_11/jre/lib/ext/sunec.jar
2015-02-27 23:30:10.825+0000 INFO  [o.n.k.i.DiagnosticsManager]:  [loader.0] file:/C:/Users/vaquerog/.sbt/boot/scala-2.10.4/lib/scala-reflect.jar
2015-02-27 23:30:10.825+0000 INFO  [o.n.k.i.DiagnosticsManager]:  [loader.0] file:/C:/Users/vaquerog/.ivy2/cache/commons-lang/commons-lang/jars/commons-lang-2.6.jar
2015-02-27 23:30:10.825+0000 INFO  [o.n.k.i.DiagnosticsManager]:  [loader.0] file:/C:/Users/vaquerog/.ivy2/cache/com.fasterxml.jackson.core/jackson-core/bundles/jackson-core-2.3.0.jar
2015-02-27 23:30:10.826+0000 INFO  [o.n.k.i.DiagnosticsManager]:  [loader.0] file:/C:/Users/vaquerog/.ivy2/cache/com.google.guava/guava/bundles/guava-15.0.jar
2015-02-27 23:30:10.826+0000 INFO  [o.n.k.i.DiagnosticsManager]:  [loader.0] file:/C:/Users/vaquerog/.ivy2/cache/org.neo4j/neo4j-management/jars/neo4j-management-2.1.5.jar
2015-02-27 23:30:10.826+0000 INFO  [o.n.k.i.DiagnosticsManager]:  [loader.4] file:/C:/Program%20Files/Java/jdk1.8.0_11/jre/lib/ext/nashorn.jar
2015-02-27 23:30:10.826+0000 INFO  [o.n.k.i.DiagnosticsManager]:  [loader.0] file:/C:/Users/vaquerog/.ivy2/cache/org.neo4j/neo4j-cypher-compiler-1.9/jars/neo4j-cypher-compiler-1.9-2.0.3.jar
2015-02-27 23:30:10.826+0000 INFO  [o.n.k.i.DiagnosticsManager]:  [loader.0] file:/C:/Users/vaquerog/.ivy2/cache/org.neo4j/neo4j-primitive-collections/jars/neo4j-primitive-collections-2.1.5.jar
2015-02-27 23:30:10.826+0000 INFO  [o.n.k.i.DiagnosticsManager]:  [bootstrap] C:\Program Files\Java\jdk1.8.0_11\jre\lib\jsse.jar
2015-02-27 23:30:10.826+0000 INFO  [o.n.k.i.DiagnosticsManager]:  [loader.0] file:/C:/Users/vaquerog/.ivy2/cache/com.esotericsoftware.minlog/minlog/jars/minlog-1.2.jar
2015-02-27 23:30:10.826+0000 INFO  [o.n.k.i.DiagnosticsManager]:  [loader.0] file:/C:/Users/vaquerog/.ivy2/cache/io.netty/netty/bundles/netty-3.6.3.Final.jar
2015-02-27 23:30:10.826+0000 INFO  [o.n.k.i.DiagnosticsManager]:  [loader.0] file:/C:/Users/vaquerog/.ivy2/cache/org.neo4j/neo4j-cypher-compiler-2.1/jars/neo4j-cypher-compiler-2.1-2.1.5.jar
2015-02-27 23:30:10.826+0000 INFO  [o.n.k.i.DiagnosticsManager]:  [loader.0] file:/C:/Users/vaquerog/.ivy2/cache/org.neo4j/neo4j/jars/neo4j-2.1.5.jar
2015-02-27 23:30:10.826+0000 INFO  [o.n.k.i.DiagnosticsManager]:  [loader.0] file:/C:/Users/vaquerog/.ivy2/cache/org.neo4j/neo4j-backup/jars/neo4j-backup-2.1.5.jar
2015-02-27 23:30:10.826+0000 INFO  [o.n.k.i.DiagnosticsManager]:  [loader.4] file:/C:/Program%20Files/Java/jdk1.8.0_11/jre/lib/ext/sunjce_provider.jar
2015-02-27 23:30:10.826+0000 INFO  [o.n.k.i.DiagnosticsManager]:  [loader.0] file:/C:/Users/vaquerog/.ivy2/cache/org.parboiled/parboiled-scala_2.10/bundles/parboiled-scala_2.10-1.1.6.jar
2015-02-27 23:30:10.826+0000 INFO  [o.n.k.i.DiagnosticsManager]:  [loader.0] file:/C:/Users/vaquerog/.ivy2/cache/net.sf.opencsv/opencsv/jars/opencsv-2.3.jar
2015-02-27 23:30:10.826+0000 INFO  [o.n.k.i.DiagnosticsManager]:  [loader.0] file:/C:/Users/vaquerog/.ivy2/cache/org.joda/joda-convert/jars/joda-convert-1.7.jar
2015-02-27 23:30:10.826+0000 INFO  [o.n.k.i.DiagnosticsManager]:  [loader.0] file:/C:/Users/vaquerog/IdeaProjects/graphitti/target/scala-2.10/classes/
2015-02-27 23:30:10.826+0000 INFO  [o.n.k.i.DiagnosticsManager]:  [loader.0] file:/C:/Users/vaquerog/.ivy2/cache/com.jcabi/jcabi-log/jars/jcabi-log-0.14.jar
2015-02-27 23:30:10.826+0000 INFO  [o.n.k.i.DiagnosticsManager]:  [loader.0] file:/C:/Users/vaquerog/.ivy2/cache/com.tinkerpop/neo4j-gremlin/jars/neo4j-gremlin-3.0.0.M6.jar
2015-02-27 23:30:10.826+0000 INFO  [o.n.k.i.DiagnosticsManager]:  [loader.0] file:/C:/Users/vaquerog/.ivy2/cache/org.neo4j/neo4j-cypher-commons/jars/neo4j-cypher-commons-2.1.5.jar
2015-02-27 23:30:10.826+0000 INFO  [o.n.k.i.DiagnosticsManager]:  [loader.0] file:/C:/Users/vaquerog/.ivy2/cache/ch.qos.logback/logback-core/jars/logback-core-1.1.2.jar
2015-02-27 23:30:10.826+0000 INFO  [o.n.k.i.DiagnosticsManager]:  [loader.0] file:/C:/Users/vaquerog/.ivy2/cache/com.michaelpollmeier/gremlin-scala_2.10/jars/gremlin-scala_2.10-3.0.0.M6c.jar
2015-02-27 23:30:10.826+0000 INFO  [o.n.k.i.DiagnosticsManager]:  [loader.0] file:/C:/Users/vaquerog/.ivy2/cache/log4j/log4j/jars/log4j-1.2.15.jar
2015-02-27 23:30:10.826+0000 INFO  [o.n.k.i.DiagnosticsManager]:  [loader.4] file:/C:/Program%20Files/Java/jdk1.8.0_11/jre/lib/ext/sunmscapi.jar
2015-02-27 23:30:10.827+0000 INFO  [o.n.k.i.DiagnosticsManager]:  [loader.0] file:/C:/Users/vaquerog/.ivy2/cache/org.neo4j/neo4j-kernel/jars/neo4j-kernel-2.1.5.jar
2015-02-27 23:30:10.827+0000 INFO  [o.n.k.i.DiagnosticsManager]: Library path:
2015-02-27 23:30:10.827+0000 INFO  [o.n.k.i.DiagnosticsManager]: C:\Program Files\Java\jdk1.8.0_11\jre\bin
2015-02-27 23:30:10.828+0000 INFO  [o.n.k.i.DiagnosticsManager]: C:\Windows\Sun\Java\bin
2015-02-27 23:30:10.828+0000 INFO  [o.n.k.i.DiagnosticsManager]: C:\Windows\System32
2015-02-27 23:30:10.828+0000 INFO  [o.n.k.i.DiagnosticsManager]: C:\Windows
2015-02-27 23:30:10.828+0000 INFO  [o.n.k.i.DiagnosticsManager]: C:\Windows\System32
2015-02-27 23:30:10.828+0000 INFO  [o.n.k.i.DiagnosticsManager]: C:\Windows
2015-02-27 23:30:10.829+0000 INFO  [o.n.k.i.DiagnosticsManager]: C:\Windows\System32\wbem
2015-02-27 23:30:10.829+0000 INFO  [o.n.k.i.DiagnosticsManager]: C:\Windows\System32\WindowsPowerShell\v1.0
2015-02-27 23:30:10.830+0000 INFO  [o.n.k.i.DiagnosticsManager]: C:\Program Files\Java\jdk1.8.0_11\bin
2015-02-27 23:30:10.830+0000 INFO  [o.n.k.i.DiagnosticsManager]: C:\Program Files\Apache\apache-maven-3.2.2\bin
2015-02-27 23:30:10.831+0000 INFO  [o.n.k.i.DiagnosticsManager]: C:\Users\vaquerog\software\apache-ant-1.9.4\bin
2015-02-27 23:30:10.831+0000 INFO  [o.n.k.i.DiagnosticsManager]: C:\Program Files (x86)\sbt\bin
2015-02-27 23:30:10.831+0000 INFO  [o.n.k.i.DiagnosticsManager]: C:\Program Files (x86)\scala\bin
2015-02-27 23:30:10.832+0000 INFO  [o.n.k.i.DiagnosticsManager]: C:\Users\vaquerog\IdeaProjects\graphitti
2015-02-27 23:30:10.833+0000 INFO  [o.n.k.i.DiagnosticsManager]: C:\Users\vaquerog\software\ffmpeg-20141117-git-3f07dd6-win64-static\bin
2015-02-27 23:30:10.833+0000 INFO  [o.n.k.i.DiagnosticsManager]: C:\Go\bin
2015-02-27 23:30:10.833+0000 INFO  [o.n.k.i.DiagnosticsManager]: C:\Go\scite
2015-02-27 23:30:10.834+0000 INFO  [o.n.k.i.DiagnosticsManager]: C:\Users\vaquerog\Go\bin
2015-02-27 23:30:10.834+0000 INFO  [o.n.k.i.DiagnosticsManager]: C:\Program Files (x86)\sbt
2015-02-27 23:30:10.834+0000 INFO  [o.n.k.i.DiagnosticsManager]: C:\Program Files (x86)\scala\bin
2015-02-27 23:30:10.835+0000 INFO  [o.n.k.i.DiagnosticsManager]: C:\Users\vaquerog\software\Play20
2015-02-27 23:30:10.835+0000 INFO  [o.n.k.i.DiagnosticsManager]: C:\Users\vaquerog\software\activator1_2_12
2015-02-27 23:30:10.835+0000 INFO  [o.n.k.i.DiagnosticsManager]: C:\Users\vaquerog\IdeaProjects\graphitti
2015-02-27 23:30:10.835+0000 INFO  [o.n.k.i.DiagnosticsManager]: System.properties:
2015-02-27 23:30:10.836+0000 INFO  [o.n.k.i.DiagnosticsManager]: jline.esc.timeout = 0
2015-02-27 23:30:10.836+0000 INFO  [o.n.k.i.DiagnosticsManager]: sun.boot.library.path = C:\Program Files\Java\jdk1.8.0_11\jre\bin
2015-02-27 23:30:10.836+0000 INFO  [o.n.k.i.DiagnosticsManager]: jline.terminal = none
2015-02-27 23:30:10.836+0000 INFO  [o.n.k.i.DiagnosticsManager]: path.separator = ;
2015-02-27 23:30:10.836+0000 INFO  [o.n.k.i.DiagnosticsManager]: file.encoding.pkg = sun.io
2015-02-27 23:30:10.836+0000 INFO  [o.n.k.i.DiagnosticsManager]: user.country = GB
2015-02-27 23:30:10.836+0000 INFO  [o.n.k.i.DiagnosticsManager]: user.script = 
2015-02-27 23:30:10.836+0000 INFO  [o.n.k.i.DiagnosticsManager]: sun.java.launcher = SUN_STANDARD
2015-02-27 23:30:10.836+0000 INFO  [o.n.k.i.DiagnosticsManager]: sun.os.patch.level = 
2015-02-27 23:30:10.836+0000 INFO  [o.n.k.i.DiagnosticsManager]: user.dir = C:\Users\vaquerog\IdeaProjects\graphitti
2015-02-27 23:30:10.836+0000 INFO  [o.n.k.i.DiagnosticsManager]: user.variant = 
2015-02-27 23:30:10.836+0000 INFO  [o.n.k.i.DiagnosticsManager]: sbt.log.noformat = true
2015-02-27 23:30:10.836+0000 INFO  [o.n.k.i.DiagnosticsManager]: sun.jnu.encoding = Cp1252
2015-02-27 23:30:10.836+0000 INFO  [o.n.k.i.DiagnosticsManager]: sun.management.compiler = HotSpot 64-Bit Tiered Compilers
2015-02-27 23:30:10.836+0000 INFO  [o.n.k.i.DiagnosticsManager]: user.home = C:\Users\vaquerog
2015-02-27 23:30:10.836+0000 INFO  [o.n.k.i.DiagnosticsManager]: user.timezone = Europe/London
2015-02-27 23:30:10.836+0000 INFO  [o.n.k.i.DiagnosticsManager]: file.encoding = Cp1252
2015-02-27 23:30:10.836+0000 INFO  [o.n.k.i.DiagnosticsManager]: user.name = vaquerog
2015-02-27 23:30:10.836+0000 INFO  [o.n.k.i.DiagnosticsManager]: jline.shutdownhook = false
2015-02-27 23:30:10.837+0000 INFO  [o.n.k.i.DiagnosticsManager]: sun.java.command = C:\Users\vaquerog\.IdeaIC14\system\sbt\sbt-launch.jar
2015-02-27 23:30:10.837+0000 INFO  [o.n.k.i.DiagnosticsManager]: sun.arch.data.model = 64
2015-02-27 23:30:10.837+0000 INFO  [o.n.k.i.DiagnosticsManager]: user.language = en
2015-02-27 23:30:10.837+0000 INFO  [o.n.k.i.DiagnosticsManager]: awt.toolkit = sun.awt.windows.WToolkit
2015-02-27 23:30:10.837+0000 INFO  [o.n.k.i.DiagnosticsManager]: file.separator = \
2015-02-27 23:30:10.837+0000 INFO  [o.n.k.i.DiagnosticsManager]: sun.io.unicode.encoding = UnicodeLittle
2015-02-27 23:30:10.837+0000 INFO  [o.n.k.i.DiagnosticsManager]: sun.cpu.endian = little
2015-02-27 23:30:10.837+0000 INFO  [o.n.k.i.DiagnosticsManager]: sun.desktop = windows
2015-02-27 23:30:10.837+0000 INFO  [o.n.k.i.DiagnosticsManager]: sun.cpu.isalist = amd64
2015-02-27 23:30:10.837+0000 INFO  [o.n.k.i.DiagnosticsManager]: Network information:
2015-02-27 23:30:10.969+0000 INFO  [o.n.k.i.DiagnosticsManager]: Interface Software Loopback Interface 1:
2015-02-27 23:30:10.970+0000 INFO  [o.n.k.i.DiagnosticsManager]:     address: 127.0.0.1
2015-02-27 23:30:10.970+0000 INFO  [o.n.k.i.DiagnosticsManager]:     address: 0:0:0:0:0:0:0:1
2015-02-27 23:30:10.970+0000 INFO  [o.n.k.i.DiagnosticsManager]: Interface Microsoft Kernel Debug Network Adapter:
2015-02-27 23:30:10.970+0000 INFO  [o.n.k.i.DiagnosticsManager]: Interface Intel(R) 82579LM Gigabit Network Connection:
2015-02-27 23:30:10.970+0000 INFO  [o.n.k.i.DiagnosticsManager]:     address: fe80:0:0:0:8125:c1f2:2a3f:7d2a%eth1
2015-02-27 23:30:10.970+0000 INFO  [o.n.k.i.DiagnosticsManager]: Interface Intel(R) Centrino(R) Advanced-N 6235:
2015-02-27 23:30:10.970+0000 INFO  [o.n.k.i.DiagnosticsManager]:     address: 192.168.1.8
2015-02-27 23:30:10.970+0000 INFO  [o.n.k.i.DiagnosticsManager]:     address: fe80:0:0:0:b956:c50a:f8c5:3d6b%wlan0
2015-02-27 23:30:10.971+0000 INFO  [o.n.k.i.DiagnosticsManager]: Interface Microsoft Wi-Fi Direct Virtual Adapter:
2015-02-27 23:30:10.971+0000 INFO  [o.n.k.i.DiagnosticsManager]:     address: fe80:0:0:0:d165:e023:d737:a1ef%wlan1
2015-02-27 23:30:10.971+0000 INFO  [o.n.k.i.DiagnosticsManager]: Interface Microsoft ISATAP Adapter:
2015-02-27 23:30:10.971+0000 INFO  [o.n.k.i.DiagnosticsManager]: Interface Microsoft 6to4 Adapter:
2015-02-27 23:30:10.971+0000 INFO  [o.n.k.i.DiagnosticsManager]: Interface Teredo Tunneling Pseudo-Interface:
2015-02-27 23:30:10.971+0000 INFO  [o.n.k.i.DiagnosticsManager]: Interface Microsoft ISATAP Adapter #2:
2015-02-27 23:30:10.971+0000 INFO  [o.n.k.i.DiagnosticsManager]:     address: fe80:0:0:0:0:5efe:c0a8:3801%net3
2015-02-27 23:30:10.971+0000 INFO  [o.n.k.i.DiagnosticsManager]: Interface Microsoft ISATAP Adapter #3:
2015-02-27 23:30:10.971+0000 INFO  [o.n.k.i.DiagnosticsManager]: Interface Microsoft ISATAP Adapter #4:
2015-02-27 23:30:10.971+0000 INFO  [o.n.k.i.DiagnosticsManager]: Interface Microsoft Kernel Debug Network Adapter - Juniper Network Agent Miniport:
2015-02-27 23:30:10.971+0000 INFO  [o.n.k.i.DiagnosticsManager]: Interface Microsoft Wi-Fi Direct Virtual Adapter - Juniper Network Agent Miniport:
2015-02-27 23:30:10.971+0000 INFO  [o.n.k.i.DiagnosticsManager]: Interface Intel(R) 82579LM Gigabit Network Connection - Juniper Network Agent Miniport:
2015-02-27 23:30:10.972+0000 INFO  [o.n.k.i.DiagnosticsManager]: Interface Intel(R) Centrino(R) Advanced-N 6235 - Juniper Network Agent Miniport:
2015-02-27 23:30:10.972+0000 INFO  [o.n.k.i.DiagnosticsManager]: Interface Juniper Networks Virtual Adapter Manager:
2015-02-27 23:30:10.972+0000 INFO  [o.n.k.i.DiagnosticsManager]: Interface VirtualBox Host-Only Ethernet Adapter:
2015-02-27 23:30:10.972+0000 INFO  [o.n.k.i.DiagnosticsManager]:     address: 192.168.56.1
2015-02-27 23:30:10.972+0000 INFO  [o.n.k.i.DiagnosticsManager]:     address: fe80:0:0:0:3926:befc:9522:9b1a%eth5
2015-02-27 23:30:10.972+0000 INFO  [o.n.k.i.DiagnosticsManager]: Interface VirtualBox Host-Only Ethernet Adapter - Juniper Network Agent Miniport:
2015-02-27 23:30:10.972+0000 INFO  [o.n.k.i.DiagnosticsManager]: Interface Intel(R) Centrino(R) Advanced-N 6235 - VirtualBox Bridged Networking Driver Miniport:
2015-02-27 23:30:10.972+0000 INFO  [o.n.k.i.DiagnosticsManager]: Interface Intel(R) 82579LM Gigabit Network Connection - VirtualBox Bridged Networking Driver Miniport:
2015-02-27 23:30:10.972+0000 INFO  [o.n.k.i.DiagnosticsManager]: Interface Microsoft ISATAP Adapter #6:
2015-02-27 23:30:10.972+0000 INFO  [o.n.k.i.DiagnosticsManager]: Interface Microsoft ISATAP Adapter #10:
2015-02-27 23:30:10.972+0000 INFO  [o.n.k.i.DiagnosticsManager]: Interface Microsoft ISATAP Adapter #5:
2015-02-27 23:30:10.973+0000 INFO  [o.n.k.i.DiagnosticsManager]: Interface Juniper Networks Virtual Adapter:
2015-02-27 23:30:10.973+0000 INFO  [o.n.k.i.DiagnosticsManager]: Interface Juniper Networks Virtual Adapter - Juniper Network Agent Miniport:
2015-02-27 23:30:10.973+0000 INFO  [o.n.k.i.DiagnosticsManager]: Interface VirtualBox Host-Only Ethernet Adapter - Juniper Network Agent Miniport-QoS Packet Scheduler-0000:
2015-02-27 23:30:10.973+0000 INFO  [o.n.k.i.DiagnosticsManager]: Interface Microsoft ISATAP Adapter #9:
2015-02-27 23:30:10.973+0000 INFO  [o.n.k.i.DiagnosticsManager]: Interface Microsoft ISATAP Adapter #11:
2015-02-27 23:30:10.973+0000 INFO  [o.n.k.i.DiagnosticsManager]: Interface VirtualBox Host-Only Ethernet Adapter-WFP Native MAC Layer LightWeight Filter-0000:
2015-02-27 23:30:10.973+0000 INFO  [o.n.k.i.DiagnosticsManager]: Interface VirtualBox Host-Only Ethernet Adapter - Juniper Network Agent Miniport-WFP 802.3 MAC Layer LightWeight Filter-0000:
2015-02-27 23:30:10.973+0000 INFO  [o.n.k.i.DiagnosticsManager]: Interface Intel(R) Centrino(R) Advanced-N 6235-WFP Native MAC Layer LightWeight Filter-0000:
2015-02-27 23:30:10.973+0000 INFO  [o.n.k.i.DiagnosticsManager]: Interface Intel(R) 82579LM Gigabit Network Connection-WFP Native MAC Layer LightWeight Filter-0000:
2015-02-27 23:30:10.973+0000 INFO  [o.n.k.i.DiagnosticsManager]: Interface Intel(R) Centrino(R) Advanced-N 6235-Virtual WiFi Filter Driver-0000:
2015-02-27 23:30:10.973+0000 INFO  [o.n.k.i.DiagnosticsManager]: Interface Intel(R) Centrino(R) Advanced-N 6235-Native WiFi Filter Driver-0000:
2015-02-27 23:30:10.973+0000 INFO  [o.n.k.i.DiagnosticsManager]: Interface Microsoft Wi-Fi Direct Virtual Adapter-WFP Native MAC Layer LightWeight Filter-0000:
2015-02-27 23:30:10.974+0000 INFO  [o.n.k.i.DiagnosticsManager]: Interface Microsoft Wi-Fi Direct Virtual Adapter-Native WiFi Filter Driver-0000:
2015-02-27 23:30:10.974+0000 INFO  [o.n.k.i.DiagnosticsManager]: Interface Intel(R) Centrino(R) Advanced-N 6235 - VirtualBox Bridged Networking Driver Miniport-QoS Packet Scheduler-0000:
2015-02-27 23:30:10.974+0000 INFO  [o.n.k.i.DiagnosticsManager]: Interface Intel(R) Centrino(R) Advanced-N 6235 - VirtualBox Bridged Networking Driver Miniport-WFP 802.3 MAC Layer LightWeight Filter-0000:
2015-02-27 23:30:10.974+0000 INFO  [o.n.k.i.DiagnosticsManager]: Interface Microsoft Wi-Fi Direct Virtual Adapter - Juniper Network Agent Miniport-QoS Packet Scheduler-0000:
2015-02-27 23:30:10.974+0000 INFO  [o.n.k.i.DiagnosticsManager]: Interface Microsoft Wi-Fi Direct Virtual Adapter - Juniper Network Agent Miniport-WFP 802.3 MAC Layer LightWeight Filter-0000:
2015-02-27 23:30:10.974+0000 INFO  [o.n.k.i.DiagnosticsManager]: Interface Intel(R) 82579LM Gigabit Network Connection - VirtualBox Bridged Networking Driver Miniport-QoS Packet Scheduler-0000:
2015-02-27 23:30:10.974+0000 INFO  [o.n.k.i.DiagnosticsManager]: Interface Intel(R) 82579LM Gigabit Network Connection - VirtualBox Bridged Networking Driver Miniport-WFP 802.3 MAC Layer LightWeight Filter-0000:
2015-02-27 23:30:10.974+0000 INFO  [o.n.k.i.DiagnosticsManager]: --- INITIALIZED diagnostics END ---
2015-02-27 23:30:11.393+0000 INFO  [o.n.k.i.n.s.StoreFactory]: Creating new db @ db\movieLens\neostore
2015-02-27 23:30:11.652+0000 INFO  [o.n.k.i.n.s.StoreFactory]: [db\movieLens\neostore.relationshiptypestore.db.names] brickCount=0 brickSize=0b mappedMem=0b (storeSize=38b)
2015-02-27 23:30:11.655+0000 INFO  [o.n.k.i.n.s.StoreFactory]: [db\movieLens\neostore.relationshiptypestore.db] brickCount=0 brickSize=0b mappedMem=0b (storeSize=0b)
2015-02-27 23:30:11.660+0000 INFO  [o.n.k.i.n.s.StoreFactory]: db\movieLens\neostore.relationshiptypestore.db.names hit=0 miss=0 switches=0 ooe=0
2015-02-27 23:30:11.678+0000 INFO  [o.n.k.i.n.s.StoreFactory]: db\movieLens\neostore.relationshiptypestore.db hit=0 miss=0 switches=0 ooe=0
2015-02-27 23:30:11.732+0000 INFO  [o.n.k.i.n.s.StoreFactory]: [db\movieLens\neostore.labeltokenstore.db.names] brickCount=0 brickSize=0b mappedMem=0b (storeSize=38b)
2015-02-27 23:30:11.734+0000 INFO  [o.n.k.i.n.s.StoreFactory]: [db\movieLens\neostore.labeltokenstore.db] brickCount=0 brickSize=0b mappedMem=0b (storeSize=0b)
2015-02-27 23:30:11.741+0000 INFO  [o.n.k.i.n.s.StoreFactory]: db\movieLens\neostore.labeltokenstore.db.names hit=0 miss=0 switches=0 ooe=0
2015-02-27 23:30:11.764+0000 INFO  [o.n.k.i.n.s.StoreFactory]: db\movieLens\neostore.labeltokenstore.db hit=0 miss=0 switches=0 ooe=0
2015-02-27 23:30:11.847+0000 INFO  [o.n.k.i.n.s.StoreFactory]: [db\movieLens\neostore.relationshiptypestore.db.names] brickCount=0 brickSize=0b mappedMem=0b (storeSize=38b)
2015-02-27 23:30:11.848+0000 INFO  [o.n.k.i.n.s.StoreFactory]: [db\movieLens\neostore.relationshiptypestore.db] brickCount=0 brickSize=0b mappedMem=0b (storeSize=0b)
2015-02-27 23:30:11.849+0000 INFO  [o.n.k.i.n.s.StoreFactory]: [db\movieLens\neostore.labeltokenstore.db.names] brickCount=0 brickSize=0b mappedMem=0b (storeSize=38b)
2015-02-27 23:30:11.850+0000 INFO  [o.n.k.i.n.s.StoreFactory]: [db\movieLens\neostore.labeltokenstore.db] brickCount=0 brickSize=0b mappedMem=0b (storeSize=0b)
2015-02-27 23:30:11.851+0000 INFO  [o.n.k.i.n.s.StoreFactory]: [db\movieLens\neostore.propertystore.db.strings] brickCount=0 brickSize=24064b mappedMem=24117248b (storeSize=128b)
2015-02-27 23:30:11.851+0000 INFO  [o.n.k.i.n.s.StoreFactory]: [db\movieLens\neostore.propertystore.db.index.keys] brickCount=0 brickSize=0b mappedMem=0b (storeSize=38b)
2015-02-27 23:30:11.852+0000 INFO  [o.n.k.i.n.s.StoreFactory]: [db\movieLens\neostore.propertystore.db.index] brickCount=0 brickSize=0b mappedMem=0b (storeSize=0b)
2015-02-27 23:30:11.853+0000 INFO  [o.n.k.i.n.s.StoreFactory]: [db\movieLens\neostore.propertystore.db.arrays] brickCount=0 brickSize=28288b mappedMem=28311552b (storeSize=128b)
2015-02-27 23:30:11.859+0000 INFO  [o.n.k.i.n.s.StoreFactory]: [db\movieLens\neostore.propertystore.db] brickCount=0 brickSize=283105b mappedMem=28311552b (storeSize=0b)
2015-02-27 23:30:11.863+0000 INFO  [o.n.k.i.n.s.StoreFactory]: [db\movieLens\neostore.relationshipstore.db] brickCount=0 brickSize=356490b mappedMem=35651584b (storeSize=0b)
2015-02-27 23:30:11.864+0000 INFO  [o.n.k.i.n.s.StoreFactory]: [db\movieLens\neostore.nodestore.db.labels] brickCount=0 brickSize=0b mappedMem=0b (storeSize=68b)
2015-02-27 23:30:11.870+0000 INFO  [o.n.k.i.n.s.StoreFactory]: [db\movieLens\neostore.nodestore.db] brickCount=0 brickSize=73395b mappedMem=7340032b (storeSize=0b)
2015-02-27 23:30:11.872+0000 INFO  [o.n.k.i.n.s.StoreFactory]: [db\movieLens\neostore.schemastore.db] brickCount=0 brickSize=0b mappedMem=0b (storeSize=64b)
2015-02-27 23:30:11.875+0000 INFO  [o.n.k.i.n.s.StoreFactory]: [db\movieLens\neostore.relationshipgroupstore.db] brickCount=0 brickSize=0b mappedMem=0b (storeSize=25b)
2015-02-27 23:30:11.876+0000 INFO  [o.n.k.i.n.s.StoreFactory]: [db\movieLens\neostore] brickCount=0 brickSize=0b mappedMem=0b (storeSize=0b)
2015-02-27 23:30:11.890+0000 INFO  [o.n.k.i.n.s.StoreFactory]: db\movieLens\neostore.relationshiptypestore.db.names hit=0 miss=0 switches=0 ooe=0
2015-02-27 23:30:11.911+0000 INFO  [o.n.k.i.n.s.StoreFactory]: db\movieLens\neostore.relationshiptypestore.db hit=0 miss=0 switches=0 ooe=0
2015-02-27 23:30:11.939+0000 INFO  [o.n.k.i.n.s.StoreFactory]: db\movieLens\neostore.labeltokenstore.db.names hit=0 miss=0 switches=0 ooe=0
2015-02-27 23:30:11.970+0000 INFO  [o.n.k.i.n.s.StoreFactory]: db\movieLens\neostore.labeltokenstore.db hit=0 miss=0 switches=0 ooe=0
2015-02-27 23:30:12.001+0000 INFO  [o.n.k.i.n.s.StoreFactory]: db\movieLens\neostore.propertystore.db.strings hit=0 miss=0 switches=0 ooe=0
2015-02-27 23:30:12.029+0000 INFO  [o.n.k.i.n.s.StoreFactory]: db\movieLens\neostore.propertystore.db.index.keys hit=0 miss=0 switches=0 ooe=0
2015-02-27 23:30:12.052+0000 INFO  [o.n.k.i.n.s.StoreFactory]: db\movieLens\neostore.propertystore.db.index hit=0 miss=0 switches=0 ooe=0
2015-02-27 23:30:12.074+0000 INFO  [o.n.k.i.n.s.StoreFactory]: db\movieLens\neostore.propertystore.db.arrays hit=0 miss=0 switches=0 ooe=0
2015-02-27 23:30:12.095+0000 INFO  [o.n.k.i.n.s.StoreFactory]: db\movieLens\neostore.propertystore.db hit=0 miss=0 switches=0 ooe=0
2015-02-27 23:30:12.116+0000 INFO  [o.n.k.i.n.s.StoreFactory]: db\movieLens\neostore.relationshipstore.db hit=0 miss=0 switches=0 ooe=0
2015-02-27 23:30:12.136+0000 INFO  [o.n.k.i.n.s.StoreFactory]: db\movieLens\neostore.nodestore.db.labels hit=0 miss=0 switches=0 ooe=0
2015-02-27 23:30:12.153+0000 INFO  [o.n.k.i.n.s.StoreFactory]: db\movieLens\neostore.nodestore.db hit=0 miss=0 switches=0 ooe=0
2015-02-27 23:30:12.167+0000 INFO  [o.n.k.i.n.s.StoreFactory]: db\movieLens\neostore.schemastore.db hit=0 miss=0 switches=0 ooe=0
2015-02-27 23:30:12.181+0000 INFO  [o.n.k.i.n.s.StoreFactory]: db\movieLens\neostore.relationshipgroupstore.db hit=0 miss=0 switches=0 ooe=0
2015-02-27 23:30:12.196+0000 INFO  [o.n.k.i.n.s.StoreFactory]: db\movieLens\neostore hit=0 miss=10 switches=0 ooe=0
2015-02-27 23:30:12.223+0000 INFO  [o.n.k.i.n.s.StoreFactory]: [db\movieLens\neostore.relationshiptypestore.db.names] brickCount=0 brickSize=0b mappedMem=0b (storeSize=38b)
2015-02-27 23:30:12.223+0000 INFO  [o.n.k.i.n.s.StoreFactory]: [db\movieLens\neostore.relationshiptypestore.db] brickCount=0 brickSize=0b mappedMem=0b (storeSize=0b)
2015-02-27 23:30:12.224+0000 INFO  [o.n.k.i.n.s.StoreFactory]: [db\movieLens\neostore.labeltokenstore.db.names] brickCount=0 brickSize=0b mappedMem=0b (storeSize=38b)
2015-02-27 23:30:12.225+0000 INFO  [o.n.k.i.n.s.StoreFactory]: [db\movieLens\neostore.labeltokenstore.db] brickCount=0 brickSize=0b mappedMem=0b (storeSize=0b)
2015-02-27 23:30:12.226+0000 INFO  [o.n.k.i.n.s.StoreFactory]: [db\movieLens\neostore.propertystore.db.strings] brickCount=0 brickSize=24064b mappedMem=24117248b (storeSize=128b)
2015-02-27 23:30:12.227+0000 INFO  [o.n.k.i.n.s.StoreFactory]: [db\movieLens\neostore.propertystore.db.index.keys] brickCount=0 brickSize=0b mappedMem=0b (storeSize=38b)
2015-02-27 23:30:12.228+0000 INFO  [o.n.k.i.n.s.StoreFactory]: [db\movieLens\neostore.propertystore.db.index] brickCount=0 brickSize=0b mappedMem=0b (storeSize=0b)
2015-02-27 23:30:12.229+0000 INFO  [o.n.k.i.n.s.StoreFactory]: [db\movieLens\neostore.propertystore.db.arrays] brickCount=0 brickSize=28288b mappedMem=28311552b (storeSize=128b)
2015-02-27 23:30:12.230+0000 INFO  [o.n.k.i.n.s.StoreFactory]: [db\movieLens\neostore.propertystore.db] brickCount=0 brickSize=283105b mappedMem=28311552b (storeSize=0b)
2015-02-27 23:30:12.231+0000 INFO  [o.n.k.i.n.s.StoreFactory]: [db\movieLens\neostore.relationshipstore.db] brickCount=0 brickSize=356490b mappedMem=35651584b (storeSize=0b)
2015-02-27 23:30:12.232+0000 INFO  [o.n.k.i.n.s.StoreFactory]: [db\movieLens\neostore.nodestore.db.labels] brickCount=0 brickSize=0b mappedMem=0b (storeSize=68b)
2015-02-27 23:30:12.232+0000 INFO  [o.n.k.i.n.s.StoreFactory]: [db\movieLens\neostore.nodestore.db] brickCount=0 brickSize=73395b mappedMem=7340032b (storeSize=0b)
2015-02-27 23:30:12.233+0000 INFO  [o.n.k.i.n.s.StoreFactory]: [db\movieLens\neostore.schemastore.db] brickCount=0 brickSize=0b mappedMem=0b (storeSize=64b)
2015-02-27 23:30:12.234+0000 INFO  [o.n.k.i.n.s.StoreFactory]: [db\movieLens\neostore.relationshipgroupstore.db] brickCount=0 brickSize=0b mappedMem=0b (storeSize=25b)
2015-02-27 23:30:12.235+0000 INFO  [o.n.k.i.n.s.StoreFactory]: [db\movieLens\neostore] brickCount=0 brickSize=0b mappedMem=0b (storeSize=81b)
2015-02-27 23:30:12.364+0000 INFO  [o.n.k.a.i.i.LuceneLabelScanStore]: No lucene scan store index found, this might just be first use. Preparing to rebuild.
2015-02-27 23:30:12.410+0000 INFO  [o.n.k.a.i.i.LuceneLabelScanStore]: No lucene scan store index found, this might just be first use. Preparing to rebuild.
2015-02-27 23:30:12.591+0000 INFO  [o.n.k.i.t.x.XaLogicalLog]: Opened logical log [db\movieLens\nioneo_logical.log.1] version=0, lastTxId=1 (clean)
2015-02-27 23:30:12.604+0000 INFO  [o.n.k.a.i.i.LuceneLabelScanStore]: Rebuilding lucene scan store, this may take a while
2015-02-27 23:30:12.608+0000 INFO  [o.n.k.a.i.i.LuceneLabelScanStore]: Lucene scan store rebuilt (roughly -1 nodes)
2015-02-27 23:30:12.615+0000 INFO  [o.n.k.i.t.TxManager]: TM new log: tm_tx_log.1
2015-02-27 23:30:12.633+0000 INFO  [o.n.k.i.t.KernelHealth]: Kernel health set to OK
2015-02-27 23:30:12.806+0000 INFO  [o.n.b.BackupServer]: BackupServer communication server started and bound to 0.0.0.0/0.0.0.0:6362
2015-02-27 23:30:12.832+0000 INFO  [o.n.k.i.t.x.XaLogicalLog]: Opened logical log [db\movieLens\index\lucene.log.1] version=0, lastTxId=1 (clean)
2015-02-27 23:30:12.845+0000 INFO  [o.n.k.i.DiagnosticsManager]: --- STARTED diagnostics for KernelDiagnostics:Versions START ---
2015-02-27 23:30:12.845+0000 INFO  [o.n.k.i.DiagnosticsManager]: Graph Database: org.neo4j.kernel.EmbeddedGraphDatabase StoreId{creationTime=1425079811403, randomId=4389498679645423528, storeVersion=14406081294923270, upgradeTime=1425079811403, upgradeId=4389498679645423528}
2015-02-27 23:30:12.845+0000 INFO  [o.n.k.i.DiagnosticsManager]: Kernel version: Neo4j - Graph Database Kernel (neo4j-kernel), version: 2.1.5
2015-02-27 23:30:12.845+0000 INFO  [o.n.k.i.DiagnosticsManager]: Neo4j component versions:
2015-02-27 23:30:12.861+0000 INFO  [o.n.k.i.DiagnosticsManager]:   Neo4j - Cypher Compiler 1.9 (neo4j-cypher-compiler-1.9), version: 2.0.3; revision: 2.0.3:2.0-maint:72/307c563c11b75fdc71cfa6df05daf9b08d6c37dc
2015-02-27 23:30:12.861+0000 INFO  [o.n.k.i.DiagnosticsManager]:   Neo4j - Consistency Checker (neo4j-consistency-check), version: 2.1.5; revision: 2.1.5:2.1-maint:529/45c3cc04946c2b0e243e48c8252e40cb85931744
2015-02-27 23:30:12.861+0000 INFO  [o.n.k.i.DiagnosticsManager]:   Neo4j - Cypher Commons (neo4j-cypher-commons), version: 2.1.5; revision: 2.1.5:2.1-maint:529/45c3cc04946c2b0e243e48c8252e40cb85931744
2015-02-27 23:30:12.861+0000 INFO  [o.n.k.i.DiagnosticsManager]:   Neo4j - Backup Tool (neo4j-backup), version: 2.1.5; revision: 2.1.5:2.1-maint:529/45c3cc04946c2b0e243e48c8252e40cb85931744
2015-02-27 23:30:12.862+0000 INFO  [o.n.k.i.DiagnosticsManager]:   Neo4j - High Availability (neo4j-ha), version: 2.1.5; revision: 2.1.5:2.1-maint:529/45c3cc04946c2b0e243e48c8252e40cb85931744
2015-02-27 23:30:12.862+0000 INFO  [o.n.k.i.DiagnosticsManager]:   Neo4j - Graph Database Kernel (neo4j-kernel), version: 2.1.5; revision: 2.1.5:2.1-maint:529/45c3cc04946c2b0e243e48c8252e40cb85931744
2015-02-27 23:30:12.862+0000 INFO  [o.n.k.i.DiagnosticsManager]:   Neo4j - Graph DB Monitoring and Management tools (neo4j-management), version: 2.1.5; revision: 2.1.5:2.1-maint:529/45c3cc04946c2b0e243e48c8252e40cb85931744
2015-02-27 23:30:12.862+0000 INFO  [o.n.k.i.DiagnosticsManager]:   Neo4j Community (neo4j), version: 2.1.5; revision: 2.1.5:2.1-maint:529/45c3cc04946c2b0e243e48c8252e40cb85931744
2015-02-27 23:30:12.862+0000 INFO  [o.n.k.i.DiagnosticsManager]:   Neo4j - Clustering Infrastructure (neo4j-cluster), version: 2.1.5; revision: 2.1.5:2.1-maint:529/45c3cc04946c2b0e243e48c8252e40cb85931744
2015-02-27 23:30:12.862+0000 INFO  [o.n.k.i.DiagnosticsManager]:   neo4j-udc, version: 2.1.5; revision: 2.1.5:2.1-maint:529/45c3cc04946c2b0e243e48c8252e40cb85931744
2015-02-27 23:30:12.862+0000 INFO  [o.n.k.i.DiagnosticsManager]:   Neo4j - Lucene Index (neo4j-lucene-index), version: 2.1.5; revision: 2.1.5:2.1-maint:529/45c3cc04946c2b0e243e48c8252e40cb85931744
2015-02-27 23:30:12.862+0000 INFO  [o.n.k.i.DiagnosticsManager]:   Neo4j - Cypher Compiler 2.0 (neo4j-cypher-compiler-2.0), version: 2.0.3; revision: 2.0.3:2.0-maint:72/307c563c11b75fdc71cfa6df05daf9b08d6c37dc
2015-02-27 23:30:12.862+0000 INFO  [o.n.k.i.DiagnosticsManager]:   Neo4j - Graph Matching (neo4j-graph-matching), version: 2.1.5; revision: 2.1.5:2.1-maint:529/45c3cc04946c2b0e243e48c8252e40cb85931744
2015-02-27 23:30:12.862+0000 INFO  [o.n.k.i.DiagnosticsManager]:   Neo4j - JMX support (neo4j-jmx), version: 2.1.5; revision: 2.1.5:2.1-maint:529/45c3cc04946c2b0e243e48c8252e40cb85931744
2015-02-27 23:30:12.862+0000 INFO  [o.n.k.i.DiagnosticsManager]:   Neo4j - Cypher (neo4j-cypher), version: 2.1.5; revision: 2.1.5:2.1-maint:529/45c3cc04946c2b0e243e48c8252e40cb85931744
2015-02-27 23:30:12.862+0000 INFO  [o.n.k.i.DiagnosticsManager]:   Neo4j - Communication Package (neo4j-com), version: 2.1.5; revision: 2.1.5:2.1-maint:529/45c3cc04946c2b0e243e48c8252e40cb85931744
2015-02-27 23:30:12.862+0000 INFO  [o.n.k.i.DiagnosticsManager]:   Neo4j - Graph Algorithms (neo4j-graph-algo), version: 2.1.5; revision: 2.1.5:2.1-maint:529/45c3cc04946c2b0e243e48c8252e40cb85931744
2015-02-27 23:30:12.862+0000 INFO  [o.n.k.i.DiagnosticsManager]: --- STARTED diagnostics for KernelDiagnostics:Versions END ---
2015-02-27 23:30:12.868+0000 INFO  [o.n.k.i.DiagnosticsManager]: --- STARTED diagnostics for NEO_STORE_VERSIONS START ---
2015-02-27 23:30:12.869+0000 INFO  [o.n.k.i.DiagnosticsManager]: Store versions:
2015-02-27 23:30:12.869+0000 INFO  [o.n.k.i.DiagnosticsManager]: Store versions:
2015-02-27 23:30:12.869+0000 INFO  [o.n.k.i.DiagnosticsManager]:   NeoStore v0.A.3
2015-02-27 23:30:12.869+0000 INFO  [o.n.k.i.DiagnosticsManager]:   SchemaStore v0.A.3
2015-02-27 23:30:12.869+0000 INFO  [o.n.k.i.DiagnosticsManager]:   NodeStore v0.A.3
2015-02-27 23:30:12.869+0000 INFO  [o.n.k.i.DiagnosticsManager]:   RelationshipStore v0.A.3
2015-02-27 23:30:12.869+0000 INFO  [o.n.k.i.DiagnosticsManager]:   RelationshipTypeStore v0.A.3
2015-02-27 23:30:12.869+0000 INFO  [o.n.k.i.DiagnosticsManager]:   LabelTokenStore v0.A.3
2015-02-27 23:30:12.869+0000 INFO  [o.n.k.i.DiagnosticsManager]:   PropertyStore v0.A.3
2015-02-27 23:30:12.869+0000 INFO  [o.n.k.i.DiagnosticsManager]:   PropertyIndexStore v0.A.3
2015-02-27 23:30:12.869+0000 INFO  [o.n.k.i.DiagnosticsManager]:   StringPropertyStore v0.A.3
2015-02-27 23:30:12.869+0000 INFO  [o.n.k.i.DiagnosticsManager]:   ArrayPropertyStore v0.A.3
2015-02-27 23:30:12.869+0000 INFO  [o.n.k.i.DiagnosticsManager]:   RelationshipGroupStore v0.A.3
2015-02-27 23:30:12.869+0000 INFO  [o.n.k.i.DiagnosticsManager]: --- STARTED diagnostics for NEO_STORE_VERSIONS END ---
2015-02-27 23:30:12.869+0000 INFO  [o.n.k.i.DiagnosticsManager]: --- STARTED diagnostics for NEO_STORE_ID_USAGE START ---
2015-02-27 23:30:12.869+0000 INFO  [o.n.k.i.DiagnosticsManager]: Id usage:
2015-02-27 23:30:12.869+0000 INFO  [o.n.k.i.DiagnosticsManager]: Id usage:
2015-02-27 23:30:12.870+0000 INFO  [o.n.k.i.DiagnosticsManager]:   SchemaStore: used=1 high=0
2015-02-27 23:30:12.870+0000 INFO  [o.n.k.i.DiagnosticsManager]:   NodeStore: used=0 high=-1
2015-02-27 23:30:12.870+0000 INFO  [o.n.k.i.DiagnosticsManager]:   RelationshipStore: used=0 high=-1
2015-02-27 23:30:12.870+0000 INFO  [o.n.k.i.DiagnosticsManager]:   RelationshipTypeStore: used=0 high=-1
2015-02-27 23:30:12.870+0000 INFO  [o.n.k.i.DiagnosticsManager]:   LabelTokenStore: used=0 high=-1
2015-02-27 23:30:12.871+0000 INFO  [o.n.k.i.DiagnosticsManager]:   PropertyStore: used=0 high=-1
2015-02-27 23:30:12.871+0000 INFO  [o.n.k.i.DiagnosticsManager]:   PropertyIndexStore: used=0 high=-1
2015-02-27 23:30:12.871+0000 INFO  [o.n.k.i.DiagnosticsManager]:   StringPropertyStore: used=1 high=0
2015-02-27 23:30:12.871+0000 INFO  [o.n.k.i.DiagnosticsManager]:   ArrayPropertyStore: used=1 high=0
2015-02-27 23:30:12.871+0000 INFO  [o.n.k.i.DiagnosticsManager]:   RelationshipGroupStore: used=1 high=0
2015-02-27 23:30:12.871+0000 INFO  [o.n.k.i.DiagnosticsManager]: --- STARTED diagnostics for NEO_STORE_ID_USAGE END ---
2015-02-27 23:30:12.871+0000 INFO  [o.n.k.i.DiagnosticsManager]: --- STARTED diagnostics for PERSISTENCE_WINDOW_POOL_STATS START ---
2015-02-27 23:30:12.871+0000 INFO  [o.n.k.i.DiagnosticsManager]: --- STARTED diagnostics for PERSISTENCE_WINDOW_POOL_STATS END ---
2015-02-27 23:30:12.871+0000 INFO  [o.n.k.i.DiagnosticsManager]: --- STARTED diagnostics for KernelDiagnostics:StoreFiles START ---
2015-02-27 23:30:12.874+0000 INFO  [o.n.k.i.DiagnosticsManager]: Disk space on partition (Total / Free / Free %): 255691059200 / 79656038400 / 31
Storage files: (filename : modification date - size)
2015-02-27 23:30:12.877+0000 INFO  [o.n.k.i.DiagnosticsManager]:   active_tx_log: 2015-02-27T23:30:12+0000 - 11.00 B
2015-02-27 23:30:12.877+0000 INFO  [o.n.k.i.DiagnosticsManager]:   index:
2015-02-27 23:30:12.878+0000 INFO  [o.n.k.i.DiagnosticsManager]:     lucene-store.db: 2015-02-27T23:30:12+0000 - 40.00 B
2015-02-27 23:30:12.879+0000 INFO  [o.n.k.i.DiagnosticsManager]:     lucene.log.1: 2015-02-27T23:30:12+0000 - 16.00 B
2015-02-27 23:30:12.879+0000 INFO  [o.n.k.i.DiagnosticsManager]:     lucene.log.active: 2015-02-27T23:30:12+0000 - 4.00 B
2015-02-27 23:30:12.879+0000 INFO  [o.n.k.i.DiagnosticsManager]:   - Total: 2015-02-27T23:30:12+0000 - 60.00 B
2015-02-27 23:30:12.880+0000 INFO  [o.n.k.i.DiagnosticsManager]:   lock: 2015-02-27T23:30:11+0000 - 0.00 B
2015-02-27 23:30:12.885+0000 INFO  [o.n.k.i.DiagnosticsManager]:   messages.log: 2015-02-27T23:30:10+0000 - 49.27 kB
2015-02-27 23:30:12.888+0000 INFO  [o.n.k.i.DiagnosticsManager]:   neostore: 2015-02-27T23:30:12+0000 - 81.00 B
2015-02-27 23:30:12.889+0000 INFO  [o.n.k.i.DiagnosticsManager]:   neostore.id: 2015-02-27T23:30:12+0000 - 9.00 B
2015-02-27 23:30:12.889+0000 INFO  [o.n.k.i.DiagnosticsManager]:   neostore.labeltokenstore.db: 2015-02-27T23:30:12+0000 - 0.00 B
2015-02-27 23:30:12.890+0000 INFO  [o.n.k.i.DiagnosticsManager]:   neostore.labeltokenstore.db.id: 2015-02-27T23:30:11+0000 - 9.00 B
2015-02-27 23:30:12.890+0000 INFO  [o.n.k.i.DiagnosticsManager]:   neostore.labeltokenstore.db.names: 2015-02-27T23:30:12+0000 - 38.00 B
2015-02-27 23:30:12.891+0000 INFO  [o.n.k.i.DiagnosticsManager]:   neostore.labeltokenstore.db.names.id: 2015-02-27T23:30:11+0000 - 9.00 B
2015-02-27 23:30:12.891+0000 INFO  [o.n.k.i.DiagnosticsManager]:   neostore.nodestore.db: 2015-02-27T23:30:12+0000 - 0.00 B
2015-02-27 23:30:12.891+0000 INFO  [o.n.k.i.DiagnosticsManager]:   neostore.nodestore.db.id: 2015-02-27T23:30:12+0000 - 9.00 B
2015-02-27 23:30:12.892+0000 INFO  [o.n.k.i.DiagnosticsManager]:   neostore.nodestore.db.labels: 2015-02-27T23:30:12+0000 - 68.00 B
2015-02-27 23:30:12.893+0000 INFO  [o.n.k.i.DiagnosticsManager]:   neostore.nodestore.db.labels.id: 2015-02-27T23:30:12+0000 - 9.00 B
2015-02-27 23:30:12.893+0000 INFO  [o.n.k.i.DiagnosticsManager]:   neostore.propertystore.db: 2015-02-27T23:30:12+0000 - 0.00 B
2015-02-27 23:30:12.893+0000 INFO  [o.n.k.i.DiagnosticsManager]:   neostore.propertystore.db.arrays: 2015-02-27T23:30:12+0000 - 128.00 B
2015-02-27 23:30:12.894+0000 INFO  [o.n.k.i.DiagnosticsManager]:   neostore.propertystore.db.arrays.id: 2015-02-27T23:30:12+0000 - 9.00 B
2015-02-27 23:30:12.894+0000 INFO  [o.n.k.i.DiagnosticsManager]:   neostore.propertystore.db.id: 2015-02-27T23:30:12+0000 - 9.00 B
2015-02-27 23:30:12.894+0000 INFO  [o.n.k.i.DiagnosticsManager]:   neostore.propertystore.db.index: 2015-02-27T23:30:12+0000 - 0.00 B
2015-02-27 23:30:12.895+0000 INFO  [o.n.k.i.DiagnosticsManager]:   neostore.propertystore.db.index.id: 2015-02-27T23:30:12+0000 - 9.00 B
2015-02-27 23:30:12.895+0000 INFO  [o.n.k.i.DiagnosticsManager]:   neostore.propertystore.db.index.keys: 2015-02-27T23:30:12+0000 - 38.00 B
2015-02-27 23:30:12.895+0000 INFO  [o.n.k.i.DiagnosticsManager]:   neostore.propertystore.db.index.keys.id: 2015-02-27T23:30:12+0000 - 9.00 B
2015-02-27 23:30:12.896+0000 INFO  [o.n.k.i.DiagnosticsManager]:   neostore.propertystore.db.strings: 2015-02-27T23:30:12+0000 - 128.00 B
2015-02-27 23:30:12.896+0000 INFO  [o.n.k.i.DiagnosticsManager]:   neostore.propertystore.db.strings.id: 2015-02-27T23:30:12+0000 - 9.00 B
2015-02-27 23:30:12.897+0000 INFO  [o.n.k.i.DiagnosticsManager]:   neostore.relationshipgroupstore.db: 2015-02-27T23:30:12+0000 - 25.00 B
2015-02-27 23:30:12.897+0000 INFO  [o.n.k.i.DiagnosticsManager]:   neostore.relationshipgroupstore.db.id: 2015-02-27T23:30:12+0000 - 9.00 B
2015-02-27 23:30:12.897+0000 INFO  [o.n.k.i.DiagnosticsManager]:   neostore.relationshipstore.db: 2015-02-27T23:30:12+0000 - 0.00 B
2015-02-27 23:30:12.898+0000 INFO  [o.n.k.i.DiagnosticsManager]:   neostore.relationshipstore.db.id: 2015-02-27T23:30:12+0000 - 9.00 B
2015-02-27 23:30:12.898+0000 INFO  [o.n.k.i.DiagnosticsManager]:   neostore.relationshiptypestore.db: 2015-02-27T23:30:12+0000 - 0.00 B
2015-02-27 23:30:12.898+0000 INFO  [o.n.k.i.DiagnosticsManager]:   neostore.relationshiptypestore.db.id: 2015-02-27T23:30:11+0000 - 9.00 B
2015-02-27 23:30:12.899+0000 INFO  [o.n.k.i.DiagnosticsManager]:   neostore.relationshiptypestore.db.names: 2015-02-27T23:30:12+0000 - 38.00 B
2015-02-27 23:30:12.899+0000 INFO  [o.n.k.i.DiagnosticsManager]:   neostore.relationshiptypestore.db.names.id: 2015-02-27T23:30:11+0000 - 9.00 B
2015-02-27 23:30:12.899+0000 INFO  [o.n.k.i.DiagnosticsManager]:   neostore.schemastore.db: 2015-02-27T23:30:12+0000 - 64.00 B
2015-02-27 23:30:12.900+0000 INFO  [o.n.k.i.DiagnosticsManager]:   neostore.schemastore.db.id: 2015-02-27T23:30:12+0000 - 9.00 B
2015-02-27 23:30:12.900+0000 INFO  [o.n.k.i.DiagnosticsManager]:   nioneo_logical.log.1: 2015-02-27T23:30:12+0000 - 16.00 B
2015-02-27 23:30:12.901+0000 INFO  [o.n.k.i.DiagnosticsManager]:   nioneo_logical.log.active: 2015-02-27T23:30:12+0000 - 4.00 B
2015-02-27 23:30:12.901+0000 INFO  [o.n.k.i.DiagnosticsManager]:   schema:
2015-02-27 23:30:12.901+0000 INFO  [o.n.k.i.DiagnosticsManager]:     label:
2015-02-27 23:30:12.902+0000 INFO  [o.n.k.i.DiagnosticsManager]:       lucene:
2015-02-27 23:30:12.903+0000 INFO  [o.n.k.i.DiagnosticsManager]:         write.lock: 2015-02-27T23:30:12+0000 - 0.00 B
2015-02-27 23:30:12.903+0000 INFO  [o.n.k.i.DiagnosticsManager]:       - Total: 2015-02-27T23:30:12+0000 - 0.00 B
2015-02-27 23:30:12.903+0000 INFO  [o.n.k.i.DiagnosticsManager]:     - Total: 2015-02-27T23:30:12+0000 - 0.00 B
2015-02-27 23:30:12.903+0000 INFO  [o.n.k.i.DiagnosticsManager]:   - Total: 2015-02-27T23:30:12+0000 - 0.00 B
2015-02-27 23:30:12.904+0000 INFO  [o.n.k.i.DiagnosticsManager]:   store_lock: 2015-02-27T23:30:11+0000 - 0.00 B
2015-02-27 23:30:12.904+0000 INFO  [o.n.k.i.DiagnosticsManager]:   tm_tx_log.1: 2015-02-27T23:30:12+0000 - 0.00 B
2015-02-27 23:30:12.904+0000 INFO  [o.n.k.i.DiagnosticsManager]: --- STARTED diagnostics for KernelDiagnostics:StoreFiles END ---
2015-02-27 23:30:13.005+0000 INFO  [o.n.k.EmbeddedGraphDatabase]: Database is now ready
2015-02-27 23:30:13.801+0000 INFO  [o.n.k.i.a.i.IndexPopulationJob]: Index population started: [:Movie(id) [provider: {key=lucene, version=1.0}]]
2015-02-27 23:30:13.805+0000 INFO  [o.n.k.i.a.i.IndexPopulationJob]: Index population started: [:User(id) [provider: {key=lucene, version=1.0}]]
2015-02-27 23:30:13.910+0000 INFO  [o.n.k.i.a.i.IndexPopulationJob]: Index population completed. Index is now online: [:Movie(id) [provider: {key=lucene, version=1.0}]]
2015-02-27 23:30:13.910+0000 INFO  [o.n.k.i.a.i.IndexPopulationJob]: Index population completed. Index is now online: [:User(id) [provider: {key=lucene, version=1.0}]]
2015-02-27 23:36:39.270+0000 WARN  [o.n.k.EmbeddedGraphDatabase]: GC Monitor: Application threads blocked for 223ms.
2015-02-27 23:40:24.936+0000 WARN  [o.n.k.EmbeddedGraphDatabase]: GC Monitor: Application threads blocked for 247ms.
2015-02-27 23:44:06.319+0000 WARN  [o.n.k.EmbeddedGraphDatabase]: GC Monitor: Application threads blocked for 241ms.
2015-02-27 23:48:09.381+0000 WARN  [o.n.k.EmbeddedGraphDatabase]: GC Monitor: Application threads blocked for 235ms.
