User top rated: List(16, 7, 11, 19)
Unordered map: Map(2 -> 2, 5 -> 2, 8 -> 3, 18 -> 1, 20 -> 2, 6 -> 1, 9 -> 3)
User top rated: List(16, 7, 11, 19)
Unordered map: Map(2 -> 2, 18 -> 1, 20 -> 2, 6 -> 1, 9 -> 3)
User top rated: List(16, 7, 11, 19)
Unordered map: Map(18 -> 1, 6 -> 1, 9 -> 1)
User top rated: List(16, 7, 11, 19)
Unordered map: Map(8 -> 1, 18 -> 1, 6 -> 1, 9 -> 1)
User top rated: List(1, 16, 7, 3, 11, 19)
Unordered map: Map(2 -> 2, 5 -> 3, 12 -> 1, 8 -> 4, 18 -> 1, 4 -> 1, 20 -> 2, 6 -> 1, 9 -> 3, 10 -> 1)
User top rated: List(1, 16, 7, 3, 11, 19)
Unordered map: Map(2 -> 2, 5 -> 3, 12 -> 1, 8 -> 4, 18 -> 1, 4 -> 1, 20 -> 2, 6 -> 1, 9 -> 3, 10 -> 1)
User top rated: List(16, 7, 11, 19)
Unordered map: Map(2 -> 2, 5 -> 2, 8 -> 3, 18 -> 1, 20 -> 2, 6 -> 1, 9 -> 3)
User top rated: List(16, 7, 11, 19)
Unordered map: Map(2 -> 2, 18 -> 1, 20 -> 2, 6 -> 1, 9 -> 3)
User top rated: List(16, 7, 11, 19)
Unordered map: Map(18 -> 1, 6 -> 1, 9 -> 1)
User top rated: List(16, 7, 11, 19)
Unordered map: Map(8 -> 1, 18 -> 1, 6 -> 1, 9 -> 1)
User top rated: List(1, 16, 7, 3, 11, 19)
Unordered map: Map(2 -> 2, 5 -> 3, 12 -> 1, 8 -> 4, 18 -> 1, 4 -> 1, 20 -> 2, 6 -> 1, 9 -> 3, 10 -> 1)
User top rated: List(1, 16, 7, 3, 11, 19)
Unordered map: Map(2 -> 2, 5 -> 3, 12 -> 1, 8 -> 4, 18 -> 1, 4 -> 1, 20 -> 2, 6 -> 1, 9 -> 3, 10 -> 1)
User top rated: List(19, 11, 7, 16)
Unordered map: Map(2 -> 2, 5 -> 2, 8 -> 3, 18 -> 1, 20 -> 2, 6 -> 1, 9 -> 3)
User top rated: List(19, 11, 7, 16)
Unordered map: Map(2 -> 2, 18 -> 1, 20 -> 2, 6 -> 1, 9 -> 3)
User top rated: List(19, 11, 7, 16)
Unordered map: Map(18 -> 1, 6 -> 1, 9 -> 1)
User top rated: List(19, 11, 7, 16)
Unordered map: Map(8 -> 1, 18 -> 1, 6 -> 1, 9 -> 1)
User top rated: List(19, 11, 3, 7, 16, 1)
Unordered map: Map(2 -> 2, 12 -> 1, 5 -> 3, 8 -> 4, 18 -> 1, 4 -> 1, 20 -> 2, 6 -> 1, 9 -> 3, 10 -> 1)
User top rated: List(19, 11, 3, 7, 16, 1)
Unordered map: Map(2 -> 2, 12 -> 1, 5 -> 3, 8 -> 4, 18 -> 1, 4 -> 1, 20 -> 2, 6 -> 1, 9 -> 3, 10 -> 1)
